<?xml version="1.0" encoding="UTF-8"?>
<testng-results skipped="0" failed="0" ignored="0" total="1" passed="1">
  <reporter-output>
  </reporter-output>
  <suite name="Default suite" duration-ms="130722" started-at="2020-05-30T07:22:07Z" finished-at="2020-05-30T07:24:18Z">
    <groups>
    </groups>
    <test name="Default test" duration-ms="130722" started-at="2020-05-30T07:22:07Z" finished-at="2020-05-30T07:24:18Z">
      <class name="com.cc.startup.Startup">
        <test-method status="PASS" signature="RuntestSuite()[pri:0, instance:com.cc.startup.Startup@20322d26]" name="RuntestSuite" duration-ms="130632" started-at="2020-05-30T07:22:07Z" finished-at="2020-05-30T07:24:18Z">
          <reporter-output>
          </reporter-output>
        </test-method> <!-- RuntestSuite -->
      </class> <!-- com.cc.startup.Startup -->
    </test> <!-- Default test -->
  </suite> <!-- Default suite -->
</testng-results>
