<?xml version="1.0" encoding="UTF-8"?>
<testng-results skipped="0" failed="0" total="1" passed="1">
  <reporter-output>
  </reporter-output>
  <suite name="i2o Sound united Automation" duration-ms="105844" started-at="2020-05-21T19:40:43Z" finished-at="2020-05-21T19:42:28Z">
    <groups>
    </groups>
    <test name="i2o SU sanity testing" duration-ms="105844" started-at="2020-05-21T19:40:43Z" finished-at="2020-05-21T19:42:28Z">
      <class name="com.cc.startup.Startup">
        <test-method status="PASS" signature="RuntestSuite()[pri:0, instance:com.cc.startup.Startup@54a097cc]" name="RuntestSuite" duration-ms="105805" started-at="2020-05-22T01:10:43Z" finished-at="2020-05-22T01:12:28Z">
          <reporter-output>
          </reporter-output>
        </test-method> <!-- RuntestSuite -->
      </class> <!-- com.cc.startup.Startup -->
    </test> <!-- i2o SU sanity testing -->
  </suite> <!-- i2o Sound united Automation -->
</testng-results>
